<?xml version="1.0" encoding="UTF-8"?>
<testsuite xmlns:xsi="http://www.w3.org/2001/XMLSchema-instance" xsi:noNamespaceSchemaLocation="https://maven.apache.org/surefire/maven-surefire-plugin/xsd/surefire-test-report-3.0.xsd" version="3.0" name="com.yesmadam.androidApp.tests.BookingTest" time="0.136" tests="0" errors="0" skipped="0" failures="0">
  <properties>
    <property name="java.specification.version" value="23"/>
    <property name="sun.jnu.encoding" value="UTF-8"/>
    <property name="java.class.path" value="/Users/yesmadamtesting/Desktop/ym-oops/target/test-classes:/Users/yesmadamtesting/Desktop/ym-oops/target/classes:/Users/yesmadamtesting/.m2/repository/org/seleniumhq/selenium/selenium-java/3.141.59/selenium-java-3.141.59.jar:/Users/yesmadamtesting/.m2/repository/org/seleniumhq/selenium/selenium-api/3.141.59/selenium-api-3.141.59.jar:/Users/yesmadamtesting/.m2/repository/org/seleniumhq/selenium/selenium-chrome-driver/3.141.59/selenium-chrome-driver-3.141.59.jar:/Users/yesmadamtesting/.m2/repository/org/seleniumhq/selenium/selenium-edge-driver/3.141.59/selenium-edge-driver-3.141.59.jar:/Users/yesmadamtesting/.m2/repository/org/seleniumhq/selenium/selenium-firefox-driver/3.141.59/selenium-firefox-driver-3.141.59.jar:/Users/yesmadamtesting/.m2/repository/org/seleniumhq/selenium/selenium-ie-driver/3.141.59/selenium-ie-driver-3.141.59.jar:/Users/yesmadamtesting/.m2/repository/org/seleniumhq/selenium/selenium-opera-driver/3.141.59/selenium-opera-driver-3.141.59.jar:/Users/yesmadamtesting/.m2/repository/org/seleniumhq/selenium/selenium-remote-driver/3.141.59/selenium-remote-driver-3.141.59.jar:/Users/yesmadamtesting/.m2/repository/org/seleniumhq/selenium/selenium-safari-driver/3.141.59/selenium-safari-driver-3.141.59.jar:/Users/yesmadamtesting/.m2/repository/org/seleniumhq/selenium/selenium-support/3.141.59/selenium-support-3.141.59.jar:/Users/yesmadamtesting/.m2/repository/net/bytebuddy/byte-buddy/1.8.15/byte-buddy-1.8.15.jar:/Users/yesmadamtesting/.m2/repository/org/apache/commons/commons-exec/1.3/commons-exec-1.3.jar:/Users/yesmadamtesting/.m2/repository/com/google/guava/guava/25.0-jre/guava-25.0-jre.jar:/Users/yesmadamtesting/.m2/repository/com/google/code/findbugs/jsr305/1.3.9/jsr305-1.3.9.jar:/Users/yesmadamtesting/.m2/repository/org/checkerframework/checker-compat-qual/2.0.0/checker-compat-qual-2.0.0.jar:/Users/yesmadamtesting/.m2/repository/com/google/errorprone/error_prone_annotations/2.1.3/error_prone_annotations-2.1.3.jar:/Users/yesmadamtesting/.m2/repository/com/google/j2objc/j2objc-annotations/1.1/j2objc-annotations-1.1.jar:/Users/yesmadamtesting/.m2/repository/org/codehaus/mojo/animal-sniffer-annotations/1.14/animal-sniffer-annotations-1.14.jar:/Users/yesmadamtesting/.m2/repository/com/squareup/okhttp3/okhttp/3.11.0/okhttp-3.11.0.jar:/Users/yesmadamtesting/.m2/repository/com/squareup/okio/okio/1.14.0/okio-1.14.0.jar:/Users/yesmadamtesting/.m2/repository/org/testng/testng/7.10.2/testng-7.10.2.jar:/Users/yesmadamtesting/.m2/repository/org/slf4j/slf4j-api/1.7.36/slf4j-api-1.7.36.jar:/Users/yesmadamtesting/.m2/repository/com/beust/jcommander/1.82/jcommander-1.82.jar:/Users/yesmadamtesting/.m2/repository/org/webjars/jquery/3.7.1/jquery-3.7.1.jar:/Users/yesmadamtesting/.m2/repository/io/appium/java-client/7.3.0/java-client-7.3.0.jar:/Users/yesmadamtesting/.m2/repository/com/google/code/gson/gson/2.8.5/gson-2.8.5.jar:/Users/yesmadamtesting/.m2/repository/org/apache/httpcomponents/httpclient/4.5.9/httpclient-4.5.9.jar:/Users/yesmadamtesting/.m2/repository/org/apache/httpcomponents/httpcore/4.4.11/httpcore-4.4.11.jar:/Users/yesmadamtesting/.m2/repository/commons-logging/commons-logging/1.2/commons-logging-1.2.jar:/Users/yesmadamtesting/.m2/repository/commons-codec/commons-codec/1.11/commons-codec-1.11.jar:/Users/yesmadamtesting/.m2/repository/cglib/cglib/3.2.12/cglib-3.2.12.jar:/Users/yesmadamtesting/.m2/repository/org/ow2/asm/asm/7.1/asm-7.1.jar:/Users/yesmadamtesting/.m2/repository/commons-validator/commons-validator/1.6/commons-validator-1.6.jar:/Users/yesmadamtesting/.m2/repository/commons-digester/commons-digester/1.8.1/commons-digester-1.8.1.jar:/Users/yesmadamtesting/.m2/repository/commons-collections/commons-collections/3.2.2/commons-collections-3.2.2.jar:/Users/yesmadamtesting/.m2/repository/org/apache/commons/commons-lang3/3.9/commons-lang3-3.9.jar:/Users/yesmadamtesting/.m2/repository/commons-io/commons-io/2.6/commons-io-2.6.jar:/Users/yesmadamtesting/.m2/repository/org/springframework/spring-context/5.1.8.RELEASE/spring-context-5.1.8.RELEASE.jar:/Users/yesmadamtesting/.m2/repository/org/springframework/spring-aop/5.1.8.RELEASE/spring-aop-5.1.8.RELEASE.jar:/Users/yesmadamtesting/.m2/repository/org/springframework/spring-beans/5.1.8.RELEASE/spring-beans-5.1.8.RELEASE.jar:/Users/yesmadamtesting/.m2/repository/org/springframework/spring-core/5.1.8.RELEASE/spring-core-5.1.8.RELEASE.jar:/Users/yesmadamtesting/.m2/repository/org/springframework/spring-jcl/5.1.8.RELEASE/spring-jcl-5.1.8.RELEASE.jar:/Users/yesmadamtesting/.m2/repository/org/springframework/spring-expression/5.1.8.RELEASE/spring-expression-5.1.8.RELEASE.jar:/Users/yesmadamtesting/.m2/repository/org/aspectj/aspectjweaver/1.9.4/aspectjweaver-1.9.4.jar:/Users/yesmadamtesting/.m2/repository/com/aventstack/extentreports/5.0.9/extentreports-5.0.9.jar:/Users/yesmadamtesting/.m2/repository/io/reactivex/rxjava3/rxjava/3.0.4/rxjava-3.0.4.jar:/Users/yesmadamtesting/.m2/repository/org/reactivestreams/reactive-streams/1.0.3/reactive-streams-1.0.3.jar:/Users/yesmadamtesting/.m2/repository/org/freemarker/freemarker/2.3.30/freemarker-2.3.30.jar:/Users/yesmadamtesting/.m2/repository/org/projectlombok/lombok/1.18.12/lombok-1.18.12.jar:/Users/yesmadamtesting/.m2/repository/io/github/bonigarcia/webdrivermanager/5.6.4/webdrivermanager-5.6.4.jar:/Users/yesmadamtesting/.m2/repository/com/github/docker-java/docker-java/3.3.4/docker-java-3.3.4.jar:/Users/yesmadamtesting/.m2/repository/com/github/docker-java/docker-java-core/3.3.4/docker-java-core-3.3.4.jar:/Users/yesmadamtesting/.m2/repository/com/github/docker-java/docker-java-api/3.3.4/docker-java-api-3.3.4.jar:/Users/yesmadamtesting/.m2/repository/com/fasterxml/jackson/core/jackson-annotations/2.10.3/jackson-annotations-2.10.3.jar:/Users/yesmadamtesting/.m2/repository/com/fasterxml/jackson/core/jackson-databind/2.10.3/jackson-databind-2.10.3.jar:/Users/yesmadamtesting/.m2/repository/com/fasterxml/jackson/core/jackson-core/2.10.3/jackson-core-2.10.3.jar:/Users/yesmadamtesting/.m2/repository/org/bouncycastle/bcpkix-jdk18on/1.76/bcpkix-jdk18on-1.76.jar:/Users/yesmadamtesting/.m2/repository/org/bouncycastle/bcprov-jdk18on/1.76/bcprov-jdk18on-1.76.jar:/Users/yesmadamtesting/.m2/repository/org/bouncycastle/bcutil-jdk18on/1.76/bcutil-jdk18on-1.76.jar:/Users/yesmadamtesting/.m2/repository/org/slf4j/jcl-over-slf4j/1.7.30/jcl-over-slf4j-1.7.30.jar:/Users/yesmadamtesting/.m2/repository/com/github/docker-java/docker-java-transport-httpclient5/3.3.4/docker-java-transport-httpclient5-3.3.4.jar:/Users/yesmadamtesting/.m2/repository/com/github/docker-java/docker-java-transport/3.3.4/docker-java-transport-3.3.4.jar:/Users/yesmadamtesting/.m2/repository/net/java/dev/jna/jna/5.13.0/jna-5.13.0.jar:/Users/yesmadamtesting/.m2/repository/org/brotli/dec/0.1.2/dec-0.1.2.jar:/Users/yesmadamtesting/.m2/repository/org/apache/commons/commons-compress/1.26.0/commons-compress-1.26.0.jar:/Users/yesmadamtesting/.m2/repository/org/apache/httpcomponents/client5/httpclient5/5.2.1/httpclient5-5.2.1.jar:/Users/yesmadamtesting/.m2/repository/org/apache/httpcomponents/core5/httpcore5/5.2/httpcore5-5.2.jar:/Users/yesmadamtesting/.m2/repository/org/apache/httpcomponents/core5/httpcore5-h2/5.2/httpcore5-h2-5.2.jar:/Users/yesmadamtesting/.m2/repository/com/opencsv/opencsv/5.9/opencsv-5.9.jar:/Users/yesmadamtesting/.m2/repository/org/apache/commons/commons-text/1.11.0/commons-text-1.11.0.jar:/Users/yesmadamtesting/.m2/repository/commons-beanutils/commons-beanutils/1.9.4/commons-beanutils-1.9.4.jar:/Users/yesmadamtesting/.m2/repository/org/apache/commons/commons-collections4/4.4/commons-collections4-4.4.jar:"/>
    <property name="java.vm.vendor" value="Homebrew"/>
    <property name="sun.arch.data.model" value="64"/>
    <property name="java.vendor.url" value="https://github.com/Homebrew/homebrew-core/issues"/>
    <property name="user.timezone" value="Asia/Kolkata"/>
    <property name="os.name" value="Mac OS X"/>
    <property name="java.vm.specification.version" value="23"/>
    <property name="sun.java.launcher" value="SUN_STANDARD"/>
    <property name="user.country" value="IN"/>
    <property name="sun.boot.library.path" value="/opt/homebrew/Cellar/openjdk/23.0.2/libexec/openjdk.jdk/Contents/Home/lib"/>
    <property name="sun.java.command" value="/Users/yesmadamtesting/Desktop/ym-oops/target/surefire/surefirebooter-20250428172331239_3.jar /Users/yesmadamtesting/Desktop/ym-oops/target/surefire 2025-04-28T17-23-31_208-jvmRun1 surefire-20250428172331239_1tmp surefire_0-20250428172331239_2tmp"/>
    <property name="http.nonProxyHosts" value="local|*.local|169.254/16|*.169.254/16"/>
    <property name="jdk.debug" value="release"/>
    <property name="surefire.test.class.path" value="/Users/yesmadamtesting/Desktop/ym-oops/target/test-classes:/Users/yesmadamtesting/Desktop/ym-oops/target/classes:/Users/yesmadamtesting/.m2/repository/org/seleniumhq/selenium/selenium-java/3.141.59/selenium-java-3.141.59.jar:/Users/yesmadamtesting/.m2/repository/org/seleniumhq/selenium/selenium-api/3.141.59/selenium-api-3.141.59.jar:/Users/yesmadamtesting/.m2/repository/org/seleniumhq/selenium/selenium-chrome-driver/3.141.59/selenium-chrome-driver-3.141.59.jar:/Users/yesmadamtesting/.m2/repository/org/seleniumhq/selenium/selenium-edge-driver/3.141.59/selenium-edge-driver-3.141.59.jar:/Users/yesmadamtesting/.m2/repository/org/seleniumhq/selenium/selenium-firefox-driver/3.141.59/selenium-firefox-driver-3.141.59.jar:/Users/yesmadamtesting/.m2/repository/org/seleniumhq/selenium/selenium-ie-driver/3.141.59/selenium-ie-driver-3.141.59.jar:/Users/yesmadamtesting/.m2/repository/org/seleniumhq/selenium/selenium-opera-driver/3.141.59/selenium-opera-driver-3.141.59.jar:/Users/yesmadamtesting/.m2/repository/org/seleniumhq/selenium/selenium-remote-driver/3.141.59/selenium-remote-driver-3.141.59.jar:/Users/yesmadamtesting/.m2/repository/org/seleniumhq/selenium/selenium-safari-driver/3.141.59/selenium-safari-driver-3.141.59.jar:/Users/yesmadamtesting/.m2/repository/org/seleniumhq/selenium/selenium-support/3.141.59/selenium-support-3.141.59.jar:/Users/yesmadamtesting/.m2/repository/net/bytebuddy/byte-buddy/1.8.15/byte-buddy-1.8.15.jar:/Users/yesmadamtesting/.m2/repository/org/apache/commons/commons-exec/1.3/commons-exec-1.3.jar:/Users/yesmadamtesting/.m2/repository/com/google/guava/guava/25.0-jre/guava-25.0-jre.jar:/Users/yesmadamtesting/.m2/repository/com/google/code/findbugs/jsr305/1.3.9/jsr305-1.3.9.jar:/Users/yesmadamtesting/.m2/repository/org/checkerframework/checker-compat-qual/2.0.0/checker-compat-qual-2.0.0.jar:/Users/yesmadamtesting/.m2/repository/com/google/errorprone/error_prone_annotations/2.1.3/error_prone_annotations-2.1.3.jar:/Users/yesmadamtesting/.m2/repository/com/google/j2objc/j2objc-annotations/1.1/j2objc-annotations-1.1.jar:/Users/yesmadamtesting/.m2/repository/org/codehaus/mojo/animal-sniffer-annotations/1.14/animal-sniffer-annotations-1.14.jar:/Users/yesmadamtesting/.m2/repository/com/squareup/okhttp3/okhttp/3.11.0/okhttp-3.11.0.jar:/Users/yesmadamtesting/.m2/repository/com/squareup/okio/okio/1.14.0/okio-1.14.0.jar:/Users/yesmadamtesting/.m2/repository/org/testng/testng/7.10.2/testng-7.10.2.jar:/Users/yesmadamtesting/.m2/repository/org/slf4j/slf4j-api/1.7.36/slf4j-api-1.7.36.jar:/Users/yesmadamtesting/.m2/repository/com/beust/jcommander/1.82/jcommander-1.82.jar:/Users/yesmadamtesting/.m2/repository/org/webjars/jquery/3.7.1/jquery-3.7.1.jar:/Users/yesmadamtesting/.m2/repository/io/appium/java-client/7.3.0/java-client-7.3.0.jar:/Users/yesmadamtesting/.m2/repository/com/google/code/gson/gson/2.8.5/gson-2.8.5.jar:/Users/yesmadamtesting/.m2/repository/org/apache/httpcomponents/httpclient/4.5.9/httpclient-4.5.9.jar:/Users/yesmadamtesting/.m2/repository/org/apache/httpcomponents/httpcore/4.4.11/httpcore-4.4.11.jar:/Users/yesmadamtesting/.m2/repository/commons-logging/commons-logging/1.2/commons-logging-1.2.jar:/Users/yesmadamtesting/.m2/repository/commons-codec/commons-codec/1.11/commons-codec-1.11.jar:/Users/yesmadamtesting/.m2/repository/cglib/cglib/3.2.12/cglib-3.2.12.jar:/Users/yesmadamtesting/.m2/repository/org/ow2/asm/asm/7.1/asm-7.1.jar:/Users/yesmadamtesting/.m2/repository/commons-validator/commons-validator/1.6/commons-validator-1.6.jar:/Users/yesmadamtesting/.m2/repository/commons-digester/commons-digester/1.8.1/commons-digester-1.8.1.jar:/Users/yesmadamtesting/.m2/repository/commons-collections/commons-collections/3.2.2/commons-collections-3.2.2.jar:/Users/yesmadamtesting/.m2/repository/org/apache/commons/commons-lang3/3.9/commons-lang3-3.9.jar:/Users/yesmadamtesting/.m2/repository/commons-io/commons-io/2.6/commons-io-2.6.jar:/Users/yesmadamtesting/.m2/repository/org/springframework/spring-context/5.1.8.RELEASE/spring-context-5.1.8.RELEASE.jar:/Users/yesmadamtesting/.m2/repository/org/springframework/spring-aop/5.1.8.RELEASE/spring-aop-5.1.8.RELEASE.jar:/Users/yesmadamtesting/.m2/repository/org/springframework/spring-beans/5.1.8.RELEASE/spring-beans-5.1.8.RELEASE.jar:/Users/yesmadamtesting/.m2/repository/org/springframework/spring-core/5.1.8.RELEASE/spring-core-5.1.8.RELEASE.jar:/Users/yesmadamtesting/.m2/repository/org/springframework/spring-jcl/5.1.8.RELEASE/spring-jcl-5.1.8.RELEASE.jar:/Users/yesmadamtesting/.m2/repository/org/springframework/spring-expression/5.1.8.RELEASE/spring-expression-5.1.8.RELEASE.jar:/Users/yesmadamtesting/.m2/repository/org/aspectj/aspectjweaver/1.9.4/aspectjweaver-1.9.4.jar:/Users/yesmadamtesting/.m2/repository/com/aventstack/extentreports/5.0.9/extentreports-5.0.9.jar:/Users/yesmadamtesting/.m2/repository/io/reactivex/rxjava3/rxjava/3.0.4/rxjava-3.0.4.jar:/Users/yesmadamtesting/.m2/repository/org/reactivestreams/reactive-streams/1.0.3/reactive-streams-1.0.3.jar:/Users/yesmadamtesting/.m2/repository/org/freemarker/freemarker/2.3.30/freemarker-2.3.30.jar:/Users/yesmadamtesting/.m2/repository/org/projectlombok/lombok/1.18.12/lombok-1.18.12.jar:/Users/yesmadamtesting/.m2/repository/io/github/bonigarcia/webdrivermanager/5.6.4/webdrivermanager-5.6.4.jar:/Users/yesmadamtesting/.m2/repository/com/github/docker-java/docker-java/3.3.4/docker-java-3.3.4.jar:/Users/yesmadamtesting/.m2/repository/com/github/docker-java/docker-java-core/3.3.4/docker-java-core-3.3.4.jar:/Users/yesmadamtesting/.m2/repository/com/github/docker-java/docker-java-api/3.3.4/docker-java-api-3.3.4.jar:/Users/yesmadamtesting/.m2/repository/com/fasterxml/jackson/core/jackson-annotations/2.10.3/jackson-annotations-2.10.3.jar:/Users/yesmadamtesting/.m2/repository/com/fasterxml/jackson/core/jackson-databind/2.10.3/jackson-databind-2.10.3.jar:/Users/yesmadamtesting/.m2/repository/com/fasterxml/jackson/core/jackson-core/2.10.3/jackson-core-2.10.3.jar:/Users/yesmadamtesting/.m2/repository/org/bouncycastle/bcpkix-jdk18on/1.76/bcpkix-jdk18on-1.76.jar:/Users/yesmadamtesting/.m2/repository/org/bouncycastle/bcprov-jdk18on/1.76/bcprov-jdk18on-1.76.jar:/Users/yesmadamtesting/.m2/repository/org/bouncycastle/bcutil-jdk18on/1.76/bcutil-jdk18on-1.76.jar:/Users/yesmadamtesting/.m2/repository/org/slf4j/jcl-over-slf4j/1.7.30/jcl-over-slf4j-1.7.30.jar:/Users/yesmadamtesting/.m2/repository/com/github/docker-java/docker-java-transport-httpclient5/3.3.4/docker-java-transport-httpclient5-3.3.4.jar:/Users/yesmadamtesting/.m2/repository/com/github/docker-java/docker-java-transport/3.3.4/docker-java-transport-3.3.4.jar:/Users/yesmadamtesting/.m2/repository/net/java/dev/jna/jna/5.13.0/jna-5.13.0.jar:/Users/yesmadamtesting/.m2/repository/org/brotli/dec/0.1.2/dec-0.1.2.jar:/Users/yesmadamtesting/.m2/repository/org/apache/commons/commons-compress/1.26.0/commons-compress-1.26.0.jar:/Users/yesmadamtesting/.m2/repository/org/apache/httpcomponents/client5/httpclient5/5.2.1/httpclient5-5.2.1.jar:/Users/yesmadamtesting/.m2/repository/org/apache/httpcomponents/core5/httpcore5/5.2/httpcore5-5.2.jar:/Users/yesmadamtesting/.m2/repository/org/apache/httpcomponents/core5/httpcore5-h2/5.2/httpcore5-h2-5.2.jar:/Users/yesmadamtesting/.m2/repository/com/opencsv/opencsv/5.9/opencsv-5.9.jar:/Users/yesmadamtesting/.m2/repository/org/apache/commons/commons-text/1.11.0/commons-text-1.11.0.jar:/Users/yesmadamtesting/.m2/repository/commons-beanutils/commons-beanutils/1.9.4/commons-beanutils-1.9.4.jar:/Users/yesmadamtesting/.m2/repository/org/apache/commons/commons-collections4/4.4/commons-collections4-4.4.jar:"/>
    <property name="sun.cpu.endian" value="little"/>
    <property name="user.home" value="/Users/yesmadamtesting"/>
    <property name="user.language" value="en"/>
    <property name="java.specification.vendor" value="Oracle Corporation"/>
    <property name="java.version.date" value="2025-01-21"/>
    <property name="java.home" value="/opt/homebrew/Cellar/openjdk/23.0.2/libexec/openjdk.jdk/Contents/Home"/>
    <property name="file.separator" value="/"/>
    <property name="basedir" value="/Users/yesmadamtesting/Desktop/ym-oops"/>
    <property name="java.vm.compressedOopsMode" value="Zero based"/>
    <property name="line.separator" value="&#10;"/>
    <property name="java.vm.specification.vendor" value="Oracle Corporation"/>
    <property name="java.specification.name" value="Java Platform API Specification"/>
    <property name="apple.awt.application.name" value="ForkedBooter"/>
    <property name="surefire.real.class.path" value="/Users/yesmadamtesting/Desktop/ym-oops/target/surefire/surefirebooter-20250428172331239_3.jar"/>
    <property name="sun.management.compiler" value="HotSpot 64-Bit Tiered Compilers"/>
    <property name="ftp.nonProxyHosts" value="local|*.local|169.254/16|*.169.254/16"/>
    <property name="java.runtime.version" value="23.0.2"/>
    <property name="user.name" value="yesmadamtesting"/>
    <property name="stdout.encoding" value="UTF-8"/>
    <property name="path.separator" value=":"/>
    <property name="os.version" value="15.4.1"/>
    <property name="java.runtime.name" value="OpenJDK Runtime Environment"/>
    <property name="file.encoding" value="UTF-8"/>
    <property name="java.vm.name" value="OpenJDK 64-Bit Server VM"/>
    <property name="java.vendor.version" value="Homebrew"/>
    <property name="localRepository" value="/Users/yesmadamtesting/.m2/repository"/>
    <property name="java.vendor.url.bug" value="https://github.com/Homebrew/homebrew-core/issues"/>
    <property name="java.io.tmpdir" value="/var/folders/5h/rh7r7brj0418pc_2k3tv_mhr0000gn/T/"/>
    <property name="java.version" value="23.0.2"/>
    <property name="user.dir" value="/Users/yesmadamtesting/Desktop/ym-oops"/>
    <property name="os.arch" value="aarch64"/>
    <property name="java.vm.specification.name" value="Java Virtual Machine Specification"/>
    <property name="native.encoding" value="UTF-8"/>
    <property name="java.library.path" value="/Users/yesmadamtesting/Library/Java/Extensions:/Library/Java/Extensions:/Network/Library/Java/Extensions:/System/Library/Java/Extensions:/usr/lib/java:."/>
    <property name="java.vm.info" value="mixed mode, sharing"/>
    <property name="stderr.encoding" value="UTF-8"/>
    <property name="java.vendor" value="Homebrew"/>
    <property name="java.vm.version" value="23.0.2"/>
    <property name="sun.io.unicode.encoding" value="UnicodeBig"/>
    <property name="socksNonProxyHosts" value="local|*.local|169.254/16|*.169.254/16"/>
    <property name="java.class.version" value="67.0"/>
  </properties>
</testsuite>